John Doe paid 500
Payment status: succeeded
Platzi Python paid 500
Payment status: succeeded
Juan Lopez paid 88
Payment status: succeeded
Juan Lopez paid 88
Payment status: succeeded
Laura Rojas paid 8000
Payment status: succeeded
Jorge Skips paid 500
Payment status: succeeded
Valentina Garcia paid 500
Payment status: succeeded
Juan Rojas paid 500
Payment status: succeeded
Valentina Cardona paid 500
Payment status: succeeded
Cristhian Trejos paid 500
Payment status: succeeded
